[debug] [2020-12-25T13:42:23.155Z] ----------------------------------------------------------------------
[debug] [2020-12-25T13:42:23.156Z] Command:       C:\Program Files\nodejs\node.exe C:\Users\hakan.han\AppData\Roaming\npm\node_modules\firebase-tools\lib\bin\firebase.js emulators:start --only functions
[debug] [2020-12-25T13:42:23.157Z] CLI Version:   9.1.0
[debug] [2020-12-25T13:42:23.157Z] Platform:      win32
[debug] [2020-12-25T13:42:23.157Z] Node Version:  v14.15.1
[debug] [2020-12-25T13:42:23.158Z] Time:          Fri Dec 25 2020 16:42:23 GMT+0300 (GMT+03:00)
[debug] [2020-12-25T13:42:23.158Z] ----------------------------------------------------------------------
[debug] [2020-12-25T13:42:23.158Z] 
[debug] [2020-12-25T13:42:23.165Z] > command requires scopes: ["email","openid","https://www.googleapis.com/auth/cloudplatformprojects.readonly","https://www.googleapis.com/auth/firebase","https://www.googleapis.com/auth/cloud-platform"]
[debug] [2020-12-25T13:42:23.165Z] > authorizing via signed-in user
[info] i  emulators: Starting emulators: functions {"metadata":{"emulator":{"name":"hub"},"message":"Starting emulators: functions"}}
[debug] [2020-12-25T13:42:24.186Z] [hub] writing locator at C:\Users\hakan.han\AppData\Local\Temp\hub-ecommerce-f5dae.json
[warn] !  functions: The following emulators are not running, calls to these services from the Functions emulator will affect production: auth, firestore, database, hosting, pubsub {"metadata":{"emulator":{"name":"functions"},"message":"The following emulators are not running, calls to these services from the Functions emulator will affect production: \u001b[1mauth, firestore, database, hosting, pubsub\u001b[22m"}}
[warn] !  Your requested "node" version "12" doesn't match your global version "14" {"metadata":{"emulator":{"name":"functions"},"message":"Your requested \"node\" version \"12\" doesn't match your global version \"14\""}}
[debug] [2020-12-25T13:42:25.218Z] defaultcredentials: writing to file C:\Users\hakan.han\AppData\Roaming\firebase\eenestatli_gmail_com_application_default_credentials.json
[debug] [2020-12-25T13:42:25.220Z] Setting GAC to C:\Users\hakan.han\AppData\Roaming\firebase\eenestatli_gmail_com_application_default_credentials.json {"metadata":{"emulator":{"name":"functions"},"message":"Setting GAC to C:\\Users\\hakan.han\\AppData\\Roaming\\firebase\\eenestatli_gmail_com_application_default_credentials.json"}}
[debug] [2020-12-25T13:42:27.237Z] Ignoring unsupported arg: auto_download {"metadata":{"emulator":{"name":"ui"},"message":"Ignoring unsupported arg: auto_download"}}
[debug] [2020-12-25T13:42:27.237Z] Ignoring unsupported arg: port {"metadata":{"emulator":{"name":"ui"},"message":"Ignoring unsupported arg: port"}}
[debug] [2020-12-25T13:42:27.238Z] Starting Emulator UI with command {"binary":"node","args":["C:\\Users\\hakan.han\\.cache\\firebase\\emulators\\ui-v1.4.1\\server.bundle.js"],"optionalArgs":[],"joinArgs":false} {"metadata":{"emulator":{"name":"ui"},"message":"Starting Emulator UI with command {\"binary\":\"node\",\"args\":[\"C:\\\\Users\\\\hakan.han\\\\.cache\\\\firebase\\\\emulators\\\\ui-v1.4.1\\\\server.bundle.js\"],\"optionalArgs\":[],\"joinArgs\":false}"}}
[info] i  ui: Emulator UI logging to ui-debug.log {"metadata":{"emulator":{"name":"ui"},"message":"Emulator UI logging to \u001b[1mui-debug.log\u001b[22m"}}
[debug] [2020-12-25T13:42:27.362Z] Web / API server started at http://localhost:4000
 {"metadata":{"emulator":{"name":"ui"},"message":"Web / API server started at http://localhost:4000\n"}}
[info] i  functions: Watching "H:\Projects\react-redux-firebase-ecommerce\functions" for Cloud Functions... {"metadata":{"emulator":{"name":"functions"},"message":"Watching \"H:\\Projects\\react-redux-firebase-ecommerce\\functions\" for Cloud Functions..."}}
[debug] [2020-12-25T13:42:27.789Z] [worker-pool] addWorker(~diagnostic~) {"metadata":{"emulator":{"name":"functions"},"message":"[worker-pool] addWorker(~diagnostic~)"}}
[debug] [2020-12-25T13:42:27.789Z] [worker-pool] Adding worker with key ~diagnostic~, total=1 {"metadata":{"emulator":{"name":"functions"},"message":"[worker-pool] Adding worker with key ~diagnostic~, total=1"}}
[debug] [2020-12-25T13:42:27.789Z] [worker-pool] submitWork(triggerId=) {"metadata":{"emulator":{"name":"functions"},"message":"[worker-pool] submitWork(triggerId=)"}}
[debug] [2020-12-25T13:42:27.789Z] [worker-~diagnostic~-9e6c71e0-383e-4c89-90fb-ac14cac69756]: Assigning socketPath: \\?\pipe\H:\Projects\react-redux-firebase-ecommerce\functions\1612 {"metadata":{"emulator":{"name":"functions"},"message":"[worker-~diagnostic~-9e6c71e0-383e-4c89-90fb-ac14cac69756]: Assigning socketPath: \\\\?\\pipe\\H:\\Projects\\react-redux-firebase-ecommerce\\functions\\1612"}}
[debug] [2020-12-25T13:42:27.790Z] [worker-~diagnostic~-9e6c71e0-383e-4c89-90fb-ac14cac69756]: BUSY {"metadata":{"emulator":{"name":"functions"},"message":"[worker-~diagnostic~-9e6c71e0-383e-4c89-90fb-ac14cac69756]: BUSY"}}
